\BOOKMARK [1][-]{section.1}{\376\377\004\037\004\076\004\101\004\102\004\060\004\075\004\076\004\062\004\072\004\060\000\040\004\067\004\060\004\064\004\060\004\107\004\070}{}% 1
\BOOKMARK [1][-]{section.2}{\376\377\004\036\004\077\004\070\004\101\004\060\004\075\004\070\004\065\000\040\004\060\004\073\004\063\004\076\004\100\004\070\004\102\004\074\004\060}{}% 2
\BOOKMARK [1][-]{section.3}{\376\377\004\036\004\077\004\070\004\101\004\060\004\075\004\070\004\065\000\040\004\101\004\105\004\065\004\074\004\113\000\040\004\077\004\060\004\100\004\060\004\073\004\073\004\065\004\073\004\114\004\075\004\076\004\063\004\076\000\040\004\060\004\073\004\063\004\076\004\100\004\070\004\102\004\074\004\060}{}% 3
\BOOKMARK [1][-]{section.4}{\376\377\004\036\004\077\004\070\004\101\004\060\004\075\004\070\004\065\000\040\004\062\004\101\004\065\004\105\000\040\004\062\004\065\004\100\004\101\004\070\004\071\000\040\004\100\004\065\004\060\004\073\004\070\004\067\004\060\004\106\004\070\004\070}{}% 4
\BOOKMARK [2][-]{subsection.4.1}{\376\377\004\037\004\076\004\101\004\073\004\065\004\064\004\076\004\062\004\060\004\102\004\065\004\073\004\114\004\075\004\060\004\117\000\040\004\062\004\065\004\100\004\101\004\070\004\117}{section.4}% 5
\BOOKMARK [2][-]{subsection.4.2}{\376\377\004\022\004\065\004\100\004\101\004\070\004\117\000\040\004\101\000\040\004\070\004\101\004\077\004\076\004\073\004\114\004\067\004\076\004\062\004\060\004\075\004\070\004\065\004\074\000\040\000S\000T\000L\000-\004\077\004\076\004\102\004\076\004\072\004\076\004\062}{section.4}% 6
\BOOKMARK [2][-]{subsection.4.3}{\376\377\004\022\004\065\004\100\004\101\004\070\004\117\000\040\004\101\000\040\004\070\004\101\004\077\004\076\004\073\004\114\004\067\004\076\004\062\004\060\004\075\004\070\004\065\004\074\000\040\000O\000p\000e\000n\000M\000P}{section.4}% 7
\BOOKMARK [2][-]{subsection.4.4}{\376\377\004\022\004\065\004\100\004\101\004\070\004\117\000\040\004\101\000\040\004\070\004\101\004\077\004\076\004\073\004\114\004\067\004\076\004\062\004\060\004\075\004\070\004\065\004\074\000\040\000T\000B\000B}{section.4}% 8
\BOOKMARK [2][-]{subsection.4.5}{\376\377\004\023\004\070\004\061\004\100\004\070\004\064\004\075\004\060\004\117\000\040\004\062\004\065\004\100\004\101\004\070\004\117\000\040\000M\000P\000I\000\040\000+\000\040\000T\000B\000B}{section.4}% 9
\BOOKMARK [1][-]{section.5}{\376\377\004\040\004\065\004\067\004\103\004\073\004\114\004\102\004\060\004\102\004\113\000\040\004\115\004\072\004\101\004\077\004\065\004\100\004\070\004\074\004\065\004\075\004\102\004\076\004\062}{}% 10
\BOOKMARK [2][-]{subsection.5.1}{\376\377\004\020\004\077\004\077\004\060\004\100\004\060\004\102\004\075\004\060\004\117\000\040\004\070\000\040\004\077\004\100\004\076\004\063\004\100\004\060\004\074\004\074\004\075\004\060\004\117\000\040\004\072\004\076\004\075\004\104\004\070\004\063\004\103\004\100\004\060\004\106\004\070\004\117}{section.5}% 11
\BOOKMARK [2][-]{subsection.5.2}{\376\377\004\042\004\065\004\101\004\102\004\076\004\062\004\113\004\071\000\040\004\074\004\060\004\101\004\101\004\070\004\062}{section.5}% 12
\BOOKMARK [2][-]{subsection.5.3}{\376\377\004\027\004\060\004\074\004\065\004\100\004\113\000\040\004\077\004\100\004\076\004\070\004\067\004\062\004\076\004\064\004\070\004\102\004\065\004\073\004\114\004\075\004\076\004\101\004\102\004\070\000\040\004\101\000\040\004\077\004\076\004\074\004\076\004\111\004\114\004\116\000\040\000P\000e\000r\000f}{section.5}% 13
\BOOKMARK [2][-]{subsection.5.4}{\376\377\004\022\004\100\004\065\004\074\004\065\004\075\004\075\004\113\004\065\000\040\004\077\004\076\004\072\004\060\004\067\004\060\004\102\004\065\004\073\004\070}{section.5}% 14
\BOOKMARK [2][-]{subsection.5.5}{\376\377\004\036\004\106\004\065\004\075\004\072\004\060\000\040\004\072\004\076\004\100\004\100\004\065\004\072\004\102\004\075\004\076\004\101\004\102\004\070}{section.5}% 15
\BOOKMARK [1][-]{section.6}{\376\377\004\022\004\113\004\062\004\076\004\064\004\113\000\040\004\070\004\067\000\040\004\100\004\065\004\067\004\103\004\073\004\114\004\102\004\060\004\102\004\076\004\062}{}% 16
\BOOKMARK [1][-]{section.7}{\376\377\004\027\004\060\004\072\004\073\004\116\004\107\004\065\004\075\004\070\004\065}{}% 17
\BOOKMARK [1][-]{section.8}{\376\377\004\041\004\077\004\070\004\101\004\076\004\072\000\040\004\073\004\070\004\102\004\065\004\100\004\060\004\102\004\103\004\100\004\113}{}% 18
\BOOKMARK [1][-]{appendix.A}{\376\377\004\037\004\100\004\070\004\073\004\076\004\066\004\065\004\075\004\070\004\065}{}% 19
\BOOKMARK [2][-]{subsection.A.1}{\376\377\004\037\004\076\004\101\004\073\004\065\004\064\004\076\004\062\004\060\004\102\004\065\004\073\004\114\004\075\004\060\004\117\000\040\004\062\004\065\004\100\004\101\004\070\004\117\000\040\000\050\000T\000e\000s\000t\000T\000a\000s\000k\000S\000e\000q\000u\000e\000n\000t\000i\000a\000l\000\051}{appendix.A}% 20
\BOOKMARK [2][-]{subsection.A.2}{\376\377\004\022\004\065\004\100\004\101\004\070\004\117\000\040\000S\000T\000L\000-\004\077\004\076\004\102\004\076\004\072\004\076\004\062\000\040\000\050\000T\000e\000s\000t\000T\000a\000s\000k\000S\000T\000L\000\051}{appendix.A}% 21
\BOOKMARK [2][-]{subsection.A.3}{\376\377\004\022\004\065\004\100\004\101\004\070\004\117\000\040\000O\000p\000e\000n\000M\000P\000\040\000\050\000T\000e\000s\000t\000T\000a\000s\000k\000O\000p\000e\000n\000M\000P\000\051}{appendix.A}% 22
\BOOKMARK [2][-]{subsection.A.4}{\376\377\004\022\004\065\004\100\004\101\004\070\004\117\000\040\000I\000n\000t\000e\000l\000\040\000T\000B\000B\000\040\000\050\000T\000e\000s\000t\000T\000a\000s\000k\000T\000B\000B\000\051}{appendix.A}% 23
\BOOKMARK [2][-]{subsection.A.5}{\376\377\004\023\004\070\004\061\004\100\004\070\004\064\000\040\000M\000P\000I\000\040\000+\000\040\000T\000B\000B\000\040\000\050\000T\000e\000s\000t\000T\000a\000s\000k\000A\000L\000L\000\051}{appendix.A}% 24
