\BOOKMARK [1][-]{section.3}{\376\377\004\037\004\076\004\101\004\102\004\060\004\075\004\076\004\062\004\072\004\060\000\040\004\067\004\060\004\064\004\060\004\107\004\070}{}% 1
\BOOKMARK [1][-]{section.9}{\376\377\004\036\004\077\004\070\004\101\004\060\004\075\004\070\004\065\000\040\004\060\004\073\004\063\004\076\004\100\004\070\004\102\004\074\004\060}{}% 2
\BOOKMARK [1][-]{section.13}{\376\377\004\036\004\077\004\070\004\101\004\060\004\075\004\070\004\065\000\040\004\101\004\105\004\065\004\074\004\113\000\040\004\077\004\060\004\100\004\060\004\073\004\073\004\065\004\073\004\114\004\075\004\076\004\063\004\076\000\040\004\060\004\073\004\063\004\076\004\100\004\070\004\102\004\074\004\060}{}% 3
\BOOKMARK [1][-]{section.17}{\376\377\004\036\004\077\004\070\004\101\004\060\004\075\004\070\004\065\000\040\004\062\004\101\004\065\004\105\000\040\004\062\004\065\004\100\004\101\004\070\004\071\000\040\004\100\004\065\004\060\004\073\004\070\004\067\004\060\004\106\004\070\004\070}{}% 4
\BOOKMARK [2][-]{subsection.18}{\376\377\004\037\004\076\004\101\004\073\004\065\004\064\004\076\004\062\004\060\004\102\004\065\004\073\004\114\004\075\004\060\004\117\000\040\004\062\004\065\004\100\004\101\004\070\004\117\000\040\000\050\000S\000E\000Q\000\051}{section.17}% 5
\BOOKMARK [2][-]{subsection.19}{\376\377\004\022\004\065\004\100\004\101\004\070\004\117\000\040\004\101\000\040\004\070\004\101\004\077\004\076\004\073\004\114\004\067\004\076\004\062\004\060\004\075\004\070\004\065\004\074\000\040\000O\000p\000e\000n\000M\000P}{section.17}% 6
\BOOKMARK [2][-]{subsection.20}{\376\377\004\022\004\065\004\100\004\101\004\070\004\117\000\040\004\101\000\040\004\070\004\101\004\077\004\076\004\073\004\114\004\067\004\076\004\062\004\060\004\075\004\070\004\065\004\074\000\040\000I\000n\000t\000e\000l\000\040\000T\000B\000B}{section.17}% 7
\BOOKMARK [2][-]{subsection.21}{\376\377\004\022\004\065\004\100\004\101\004\070\004\117\000\040\004\101\000\040\004\070\004\101\004\077\004\076\004\073\004\114\004\067\004\076\004\062\004\060\004\075\004\070\004\065\004\074\000\040\000S\000T\000L\000-\004\077\004\076\004\102\004\076\004\072\004\076\004\062}{section.17}% 8
\BOOKMARK [2][-]{subsection.22}{\376\377\004\023\004\070\004\061\004\100\004\070\004\064\004\075\004\060\004\117\000\040\004\062\004\065\004\100\004\101\004\070\004\117\000\040\000M\000P\000I\000\040\000+\000\040\000T\000B\000B}{section.17}% 9
\BOOKMARK [1][-]{section.27}{\376\377\004\040\004\065\004\067\004\103\004\073\004\114\004\102\004\060\004\102\004\113\000\040\004\115\004\072\004\101\004\077\004\065\004\100\004\070\004\074\004\065\004\075\004\102\004\076\004\062}{}% 10
\BOOKMARK [2][-]{subsection.28}{\376\377\004\042\004\065\004\101\004\102\004\076\004\062\004\060\004\117\000\040\004\072\004\076\004\075\004\104\004\070\004\063\004\103\004\100\004\060\004\106\004\070\004\117}{section.27}% 11
\BOOKMARK [2][-]{subsection.29}{\376\377\004\032\004\076\004\100\004\100\004\065\004\072\004\102\004\075\004\076\004\101\004\102\004\114\000\040\004\100\004\065\004\060\004\073\004\070\004\067\004\060\004\106\004\070\004\070}{section.27}% 12
\BOOKMARK [2][-]{subsection.30}{\376\377\004\037\004\100\004\076\004\070\004\067\004\062\004\076\004\064\004\070\004\102\004\065\004\073\004\114\004\075\004\076\004\101\004\102\004\114}{section.27}% 13
\BOOKMARK [2][-]{subsection.32}{\376\377\004\020\004\075\004\060\004\073\004\070\004\067\000\040\000P\000e\000r\000f\000-\004\074\004\065\004\102\004\100\004\070\004\072}{section.27}% 14
\BOOKMARK [1][-]{section.33}{\376\377\004\022\004\113\004\062\004\076\004\064\004\113\000\040\004\070\004\067\000\040\004\100\004\065\004\067\004\103\004\073\004\114\004\102\004\060\004\102\004\076\004\062}{}% 15
\BOOKMARK [1][-]{section.39}{\376\377\004\027\004\060\004\072\004\073\004\116\004\107\004\065\004\075\004\070\004\065}{}% 16
\BOOKMARK [1][-]{section.40}{\376\377\004\041\004\077\004\070\004\101\004\076\004\072\000\040\004\073\004\070\004\102\004\065\004\100\004\060\004\102\004\103\004\100\004\113}{}% 17
\BOOKMARK [1][-]{appendix.45}{\376\377\004\037\004\100\004\070\004\073\004\076\004\066\004\065\004\075\004\070\004\065\000:\000\040\004\070\004\101\004\105\004\076\004\064\004\075\004\113\004\065\000\040\004\072\004\076\004\064\004\113\000\040\004\100\004\065\004\060\004\073\004\070\004\067\004\060\004\106\004\070\004\071}{}% 18
\BOOKMARK [2][-]{subsection.46}{\376\377\004\037\004\076\004\101\004\073\004\065\004\064\004\076\004\062\004\060\004\102\004\065\004\073\004\114\004\075\004\060\004\117\000\040\004\062\004\065\004\100\004\101\004\070\004\117}{appendix.45}% 19
\BOOKMARK [2][-]{subsection.104}{\376\377\004\022\004\065\004\100\004\101\004\070\004\117\000\040\000O\000p\000e\000n\000M\000P}{appendix.45}% 20
\BOOKMARK [2][-]{subsection.170}{\376\377\004\022\004\065\004\100\004\101\004\070\004\117\000\040\000T\000B\000B}{appendix.45}% 21
\BOOKMARK [2][-]{subsection.230}{\376\377\004\022\004\065\004\100\004\101\004\070\004\117\000\040\000S\000T\000L}{appendix.45}% 22
\BOOKMARK [2][-]{subsection.264}{\376\377\004\023\004\070\004\061\004\100\004\070\004\064\004\075\004\060\004\117\000\040\004\062\004\065\004\100\004\101\004\070\004\117\000\040\000M\000P\000I\000+\000O\000M\000P}{appendix.45}% 23
