\BOOKMARK [1][-]{section.1}{\376\377\004\022\004\062\004\065\004\064\004\065\004\075\004\070\004\065}{}% 1
\BOOKMARK [1][-]{section.2}{\376\377\004\037\004\076\004\101\004\102\004\060\004\075\004\076\004\062\004\072\004\060\000\040\004\067\004\060\004\064\004\060\004\107\004\070}{}% 2
\BOOKMARK [2][-]{subsection.2.1}{\376\377\004\034\004\060\004\102\004\065\004\074\004\060\004\102\004\070\004\107\004\065\004\101\004\072\004\060\004\117\000\040\004\077\004\076\004\101\004\102\004\060\004\075\004\076\004\062\004\072\004\060}{section.2}% 3
\BOOKMARK [2][-]{subsection.2.2}{\376\377\004\037\004\100\004\076\004\063\004\100\004\060\004\074\004\074\004\075\004\060\004\117\000\040\004\077\004\076\004\101\004\102\004\060\004\075\004\076\004\062\004\072\004\060\000\040\004\067\004\060\004\064\004\060\004\107\004\070}{section.2}% 4
\BOOKMARK [3][-]{subsubsection.2.2.1}{\376\377\004\022\004\105\004\076\004\064\004\075\004\113\004\065\000\040\004\064\004\060\004\075\004\075\004\113\004\065}{subsection.2.2}% 5
\BOOKMARK [3][-]{subsubsection.2.2.2}{\376\377\004\022\004\113\004\105\004\076\004\064\004\075\004\113\004\065\000\040\004\064\004\060\004\075\004\075\004\113\004\065}{subsection.2.2}% 6
\BOOKMARK [1][-]{section.3}{\376\377\004\036\004\077\004\070\004\101\004\060\004\075\004\070\004\065\000\040\004\074\004\065\004\102\004\076\004\064\004\060\000\040\004\041\004\070\004\074\004\077\004\101\004\076\004\075\004\060\000\040\004\064\004\073\004\117\000\040\004\074\004\075\004\076\004\063\004\076\004\074\004\065\004\100\004\075\004\113\004\105\000\040\004\070\004\075\004\102\004\065\004\063\004\100\004\060\004\073\004\076\004\062}{}% 7
\BOOKMARK [1][-]{section.4}{\376\377\004\024\004\065\004\102\004\060\004\073\004\070\000\040\004\100\004\065\004\060\004\073\004\070\004\067\004\060\004\106\004\070\004\070\000\040\004\070\000\040\004\101\004\105\004\065\004\074\004\113\000\040\004\100\004\060\004\101\004\077\004\060\004\100\004\060\004\073\004\073\004\065\004\073\004\070\004\062\004\060\004\075\004\070\004\117}{}% 8
\BOOKMARK [2][-]{subsection.4.1}{\376\377\004\036\004\061\004\111\004\060\004\117\000\040\004\101\004\102\004\100\004\103\004\072\004\102\004\103\004\100\004\060\000\040\004\060\004\073\004\063\004\076\004\100\004\070\004\102\004\074\004\060}{section.4}% 9
\BOOKMARK [2][-]{subsection.4.2}{\376\377\004\037\004\076\004\101\004\073\004\065\004\064\004\076\004\062\004\060\004\102\004\065\004\073\004\114\004\075\004\060\004\117\000\040\004\100\004\065\004\060\004\073\004\070\004\067\004\060\004\106\004\070\004\117\000\040\000\050\000S\000E\000Q\000\051}{section.4}% 10
\BOOKMARK [2][-]{subsection.4.3}{\376\377\000O\000p\000e\000n\000M\000P\000\040\004\100\004\065\004\060\004\073\004\070\004\067\004\060\004\106\004\070\004\117\000\040\000\050\000O\000M\000P\000\051}{section.4}% 11
\BOOKMARK [2][-]{subsection.4.4}{\376\377\000T\000B\000B\000\040\004\100\004\065\004\060\004\073\004\070\004\067\004\060\004\106\004\070\004\117}{section.4}% 12
\BOOKMARK [2][-]{subsection.4.5}{\376\377\000S\000T\000L\000\040\004\100\004\065\004\060\004\073\004\070\004\067\004\060\004\106\004\070\004\117}{section.4}% 13
\BOOKMARK [2][-]{subsection.4.6}{\376\377\000M\000P\000I\000\040\000+\000\040\000T\000B\000B\000\040\004\100\004\065\004\060\004\073\004\070\004\067\004\060\004\106\004\070\004\117\000\040\000\050\000A\000L\000L\000\051}{section.4}% 14
\BOOKMARK [1][-]{section.5}{\376\377\004\055\004\072\004\101\004\077\004\065\004\100\004\070\004\074\004\065\004\075\004\102\004\113}{}% 15
\BOOKMARK [2][-]{subsection.5.1}{\376\377\004\043\004\101\004\073\004\076\004\062\004\070\004\117\000\040\004\077\004\100\004\076\004\062\004\065\004\064\004\065\004\075\004\070\004\117}{section.5}% 16
\BOOKMARK [2][-]{subsection.5.2}{\376\377\004\040\004\065\004\067\004\103\004\073\004\114\004\102\004\060\004\102\004\113}{section.5}% 17
\BOOKMARK [2][-]{subsection.5.3}{\376\377\004\020\004\075\004\060\004\073\004\070\004\067\000\040\004\100\004\065\004\067\004\103\004\073\004\114\004\102\004\060\004\102\004\076\004\062}{section.5}% 18
\BOOKMARK [1][-]{section.6}{\376\377\004\022\004\113\004\062\004\076\004\064\004\113\000\040\004\077\004\076\000\040\004\100\004\065\004\067\004\103\004\073\004\114\004\102\004\060\004\102\004\060\004\074\000\040\004\115\004\072\004\101\004\077\004\065\004\100\004\070\004\074\004\065\004\075\004\102\004\076\004\062}{}% 19
\BOOKMARK [1][-]{section.7}{\376\377\004\027\004\060\004\072\004\073\004\116\004\107\004\065\004\075\004\070\004\065}{}% 20
\BOOKMARK [1][-]{section.8}{\376\377\004\033\004\070\004\102\004\065\004\100\004\060\004\102\004\103\004\100\004\060}{}% 21
\BOOKMARK [1][-]{section.8}{\376\377\004\041\004\077\004\070\004\101\004\076\004\072\000\040\004\073\004\070\004\102\004\065\004\100\004\060\004\102\004\103\004\100\004\113}{}% 22
\BOOKMARK [1][-]{section.9}{\376\377\004\037\004\100\004\070\004\073\004\076\004\066\004\065\004\075\004\070\004\065}{}% 23
\BOOKMARK [2][-]{subsection.9.1}{\376\377\004\037\004\076\004\101\004\073\004\065\004\064\004\076\004\062\004\060\004\102\004\065\004\073\004\114\004\075\004\060\004\117\000\040\004\100\004\065\004\060\004\073\004\070\004\067\004\060\004\106\004\070\004\117\000\040\000\050\000S\000E\000Q\000\051\000\040\000-\000\040\000R\000u\000n\000I\000m\000p\000l}{section.9}% 24
\BOOKMARK [2][-]{subsection.9.2}{\376\377\000O\000p\000e\000n\000M\000P\000\040\004\100\004\065\004\060\004\073\004\070\004\067\004\060\004\106\004\070\004\117\000\040\000\050\000O\000M\000P\000\051\000\040\000-\000\040\000R\000u\000n\000I\000m\000p\000l}{section.9}% 25
\BOOKMARK [2][-]{subsection.9.3}{\376\377\000T\000B\000B\000\040\004\100\004\065\004\060\004\073\004\070\004\067\004\060\004\106\004\070\004\117\000\040\000-\000\040\000R\000u\000n\000I\000m\000p\000l}{section.9}% 26
\BOOKMARK [2][-]{subsection.9.4}{\376\377\000S\000T\000L\000\040\004\100\004\065\004\060\004\073\004\070\004\067\004\060\004\106\004\070\004\117\000\040\000-\000\040\000R\000u\000n\000I\000m\000p\000l\000\040\004\070\000\040\000I\000n\000t\000e\000g\000r\000a\000l\000F\000u\000n\000c}{section.9}% 27
\BOOKMARK [2][-]{subsection.9.5}{\376\377\000M\000P\000I\000\040\000+\000\040\000T\000B\000B\000\040\004\100\004\065\004\060\004\073\004\070\004\067\004\060\004\106\004\070\004\117\000\040\000\050\000A\000L\000L\000\051\000\040\000-\000\040\000R\000u\000n\000I\000m\000p\000l\000\040\004\070\000\040\000I\000n\000t\000e\000g\000r\000a\000l\000F\000u\000n\000c}{section.9}% 28
